<?xml version="1.0" encoding="utf-8"?><testsuites name="pytest tests"><testsuite name="pytest" errors="0" failures="0" skipped="0" tests="45" time="36.548" timestamp="2026-07-04T03:57:44.133088+00:00" hostname="agent-env-acb259fe-2e05-4267-9835-7bb45cd4205b"><testcase classname="backend.tests.test_phase1.TestPropertyListingFilters" name="test_sort_price_asc" time="1.130" /><testcase classname="backend.tests.test_phase1.TestPropertyListingFilters" name="test_sort_price_desc" time="0.937" /><testcase classname="backend.tests.test_phase1.TestPropertyListingFilters" name="test_sort_newest_default" time="0.926" /><testcase classname="backend.tests.test_phase1.TestPropertyListingFilters" name="test_available_only" time="0.872" /><testcase classname="backend.tests.test_phase1.TestFavorites" name="test_requires_auth" time="0.121" /><testcase classname="backend.tests.test_phase1.TestFavorites" name="test_toggle_and_list" time="2.362" /><testcase classname="backend.tests.test_phase1.TestReviews" name="test_review_requires_auth" time="0.042" /><testcase classname="backend.tests.test_phase1.TestReviews" name="test_invalid_rating_rejected" time="1.166" /><testcase classname="backend.tests.test_phase1.TestReviews" name="test_property_not_found" time="0.039" /><testcase classname="backend.tests.test_phase1.TestReviews" name="test_create_list_average_and_duplicate" time="1.911" /><testcase classname="backend.tests.test_phase1.TestKyc" name="test_kyc_requires_auth" time="0.081" /><testcase classname="backend.tests.test_phase1.TestKyc" name="test_kyc_submit_requires_document" time="0.045" /><testcase classname="backend.tests.test_phase1.TestKyc" name="test_auth_me_includes_kyc_status" time="0.045" /><testcase classname="backend.tests.test_phase1.TestKyc" name="test_kyc_flow_pending_then_verified" time="7.113" /><testcase classname="backend.tests.test_phase1.TestKyc" name="test_landlord_verified_reflects_on_properties" time="7.972" /><testcase classname="backend.tests.test_phase1.TestRegression" name="test_properties_list_ok" time="0.906" /><testcase classname="backend.tests.test_phase1.TestRegression" name="test_auth_me_landlord" time="0.305" /><testcase classname="backend.tests.test_phase1.TestRegression" name="test_bookings_mine_ok" time="0.643" /><testcase classname="backend.tests.test_phase1.TestRegression" name="test_bookings_landlord_ok" time="0.042" /><testcase classname="backend.tests.backend_test.TestHealth" name="test_root" time="0.103" /><testcase classname="backend.tests.backend_test.TestAuth" name="test_login_tenant" time="0.275" /><testcase classname="backend.tests.backend_test.TestAuth" name="test_login_landlord" time="0.265" /><testcase classname="backend.tests.backend_test.TestAuth" name="test_login_invalid" time="0.302" /><testcase classname="backend.tests.backend_test.TestAuth" name="test_me_requires_token" time="0.040" /><testcase classname="backend.tests.backend_test.TestAuth" name="test_me_invalid_token" time="0.082" /><testcase classname="backend.tests.backend_test.TestAuth" name="test_me_tenant" time="0.058" /><testcase classname="backend.tests.backend_test.TestAuth" name="test_register_and_duplicate" time="0.425" /><testcase classname="backend.tests.backend_test.TestAuth" name="test_role_toggle" time="0.506" /><testcase classname="backend.tests.backend_test.TestProperties" name="test_list_seed_has_8" time="0.951" /><testcase classname="backend.tests.backend_test.TestProperties" name="test_filter_by_type" time="0.915" /><testcase classname="backend.tests.backend_test.TestProperties" name="test_filter_price_range" time="0.039" /><testcase classname="backend.tests.backend_test.TestProperties" name="test_filter_search_q" time="0.039" /><testcase classname="backend.tests.backend_test.TestProperties" name="test_filter_bedrooms" time="0.937" /><testcase classname="backend.tests.backend_test.TestProperties" name="test_get_single" time="1.833" /><testcase classname="backend.tests.backend_test.TestProperties" name="test_get_single_404" time="0.042" /><testcase classname="backend.tests.backend_test.TestProperties" name="test_tenant_cannot_create" time="0.081" /><testcase classname="backend.tests.backend_test.TestProperties" name="test_create_requires_auth" time="0.080" /><testcase classname="backend.tests.backend_test.TestProperties" name="test_landlord_create_get_mine_delete" time="0.747" /><testcase classname="backend.tests.backend_test.TestBookings" name="test_create_booking" time="1.031" /><testcase classname="backend.tests.backend_test.TestBookings" name="test_bookings_mine" time="0.399" /><testcase classname="backend.tests.backend_test.TestBookings" name="test_bookings_landlord" time="0.040" /><testcase classname="backend.tests.backend_test.TestBookings" name="test_patch_accept_as_landlord" time="0.043" /><testcase classname="backend.tests.backend_test.TestBookings" name="test_patch_forbidden_other_user" time="0.383" /><testcase classname="backend.tests.backend_test.TestBookings" name="test_patch_cancel_as_tenant" time="0.081" /><testcase classname="backend.tests.backend_test.TestBookings" name="test_bookings_require_auth" time="0.079" /></testsuite></testsuites>