<?xml version="1.0" encoding="utf-8"?><testsuites name="pytest tests"><testsuite name="pytest" errors="0" failures="0" skipped="0" tests="26" time="3.786" timestamp="2026-07-04T03:06:07.929366+00:00" hostname="agent-env-acb259fe-2e05-4267-9835-7bb45cd4205b"><testcase classname="backend.tests.backend_test.TestHealth" name="test_root" time="0.172" /><testcase classname="backend.tests.backend_test.TestAuth" name="test_login_tenant" time="0.275" /><testcase classname="backend.tests.backend_test.TestAuth" name="test_login_landlord" time="0.272" /><testcase classname="backend.tests.backend_test.TestAuth" name="test_login_invalid" time="0.281" /><testcase classname="backend.tests.backend_test.TestAuth" name="test_me_requires_token" time="0.050" /><testcase classname="backend.tests.backend_test.TestAuth" name="test_me_invalid_token" time="0.048" /><testcase classname="backend.tests.backend_test.TestAuth" name="test_me_tenant" time="0.050" /><testcase classname="backend.tests.backend_test.TestAuth" name="test_register_and_duplicate" time="0.391" /><testcase classname="backend.tests.backend_test.TestAuth" name="test_role_toggle" time="0.423" /><testcase classname="backend.tests.backend_test.TestProperties" name="test_list_seed_has_8" time="0.048" /><testcase classname="backend.tests.backend_test.TestProperties" name="test_filter_by_type" time="0.048" /><testcase classname="backend.tests.backend_test.TestProperties" name="test_filter_price_range" time="0.049" /><testcase classname="backend.tests.backend_test.TestProperties" name="test_filter_search_q" time="0.052" /><testcase classname="backend.tests.backend_test.TestProperties" name="test_filter_bedrooms" time="0.050" /><testcase classname="backend.tests.backend_test.TestProperties" name="test_get_single" time="0.093" /><testcase classname="backend.tests.backend_test.TestProperties" name="test_get_single_404" time="0.046" /><testcase classname="backend.tests.backend_test.TestProperties" name="test_tenant_cannot_create" time="0.048" /><testcase classname="backend.tests.backend_test.TestProperties" name="test_create_requires_auth" time="0.046" /><testcase classname="backend.tests.backend_test.TestProperties" name="test_landlord_create_get_mine_delete" time="0.572" /><testcase classname="backend.tests.backend_test.TestBookings" name="test_create_booking" time="0.101" /><testcase classname="backend.tests.backend_test.TestBookings" name="test_bookings_mine" time="0.051" /><testcase classname="backend.tests.backend_test.TestBookings" name="test_bookings_landlord" time="0.053" /><testcase classname="backend.tests.backend_test.TestBookings" name="test_patch_accept_as_landlord" time="0.053" /><testcase classname="backend.tests.backend_test.TestBookings" name="test_patch_forbidden_other_user" time="0.321" /><testcase classname="backend.tests.backend_test.TestBookings" name="test_patch_cancel_as_tenant" time="0.048" /><testcase classname="backend.tests.backend_test.TestBookings" name="test_bookings_require_auth" time="0.045" /></testsuite></testsuites>