<?xml version="1.0" encoding="utf-8"?><testsuites name="pytest tests"><testsuite name="pytest" errors="0" failures="0" skipped="0" tests="63" time="46.300" timestamp="2026-07-04T04:12:38.561379+00:00" hostname="agent-env-acb259fe-2e05-4267-9835-7bb45cd4205b"><testcase classname="backend.tests.test_phase2.TestPropertyCoords" name="test_seed_properties_have_latlng" time="1.413" /><testcase classname="backend.tests.test_phase2.TestPropertyCoords" name="test_create_property_auto_geocode" time="0.835" /><testcase classname="backend.tests.test_phase2.TestPropertyCoords" name="test_create_property_with_explicit_latlng" time="0.100" /><testcase classname="backend.tests.test_phase2.TestChatThreads" name="test_create_thread_requires_auth" time="1.225" /><testcase classname="backend.tests.test_phase2.TestChatThreads" name="test_create_thread_missing_property_id" time="0.319" /><testcase classname="backend.tests.test_phase2.TestChatThreads" name="test_create_thread_unknown_property_404" time="0.047" /><testcase classname="backend.tests.test_phase2.TestChatThreads" name="test_landlord_cannot_message_self_400" time="0.199" /><testcase classname="backend.tests.test_phase2.TestChatThreads" name="test_create_thread_idempotent" time="0.096" /><testcase classname="backend.tests.test_phase2.TestChatThreads" name="test_list_threads_tenant_decoration" time="0.530" /><testcase classname="backend.tests.test_phase2.TestChatThreads" name="test_list_threads_landlord_decoration" time="0.497" /><testcase classname="backend.tests.test_phase2.TestChatMessages" name="test_send_empty_text_400" time="1.403" /><testcase classname="backend.tests.test_phase2.TestChatMessages" name="test_send_message_and_persistence" time="0.095" /><testcase classname="backend.tests.test_phase2.TestChatMessages" name="test_last_message_updated_on_thread" time="0.507" /><testcase classname="backend.tests.test_phase2.TestChatMessages" name="test_landlord_can_read_and_reply" time="0.100" /><testcase classname="backend.tests.test_phase2.TestChatMessages" name="test_outsider_forbidden_read_403" time="0.326" /><testcase classname="backend.tests.test_phase2.TestChatMessages" name="test_outsider_forbidden_send_403" time="0.322" /><testcase classname="backend.tests.test_phase2.TestChatMessages" name="test_send_to_unknown_thread_404" time="0.064" /><testcase classname="backend.tests.test_phase2.TestChatMessages" name="test_get_unknown_thread_404" time="0.047" /><testcase classname="backend.tests.test_phase1.TestPropertyListingFilters" name="test_sort_price_asc" time="0.957" /><testcase classname="backend.tests.test_phase1.TestPropertyListingFilters" name="test_sort_price_desc" time="0.866" /><testcase classname="backend.tests.test_phase1.TestPropertyListingFilters" name="test_sort_newest_default" time="0.850" /><testcase classname="backend.tests.test_phase1.TestPropertyListingFilters" name="test_available_only" time="0.891" /><testcase classname="backend.tests.test_phase1.TestFavorites" name="test_requires_auth" time="0.087" /><testcase classname="backend.tests.test_phase1.TestFavorites" name="test_toggle_and_list" time="2.297" /><testcase classname="backend.tests.test_phase1.TestReviews" name="test_review_requires_auth" time="0.053" /><testcase classname="backend.tests.test_phase1.TestReviews" name="test_invalid_rating_rejected" time="1.069" /><testcase classname="backend.tests.test_phase1.TestReviews" name="test_property_not_found" time="0.045" /><testcase classname="backend.tests.test_phase1.TestReviews" name="test_create_list_average_and_duplicate" time="2.102" /><testcase classname="backend.tests.test_phase1.TestKyc" name="test_kyc_requires_auth" time="0.089" /><testcase classname="backend.tests.test_phase1.TestKyc" name="test_kyc_submit_requires_document" time="0.045" /><testcase classname="backend.tests.test_phase1.TestKyc" name="test_auth_me_includes_kyc_status" time="0.049" /><testcase classname="backend.tests.test_phase1.TestKyc" name="test_kyc_flow_pending_then_verified" time="7.067" /><testcase classname="backend.tests.test_phase1.TestKyc" name="test_landlord_verified_reflects_on_properties" time="8.300" /><testcase classname="backend.tests.test_phase1.TestRegression" name="test_properties_list_ok" time="0.810" /><testcase classname="backend.tests.test_phase1.TestRegression" name="test_auth_me_landlord" time="0.309" /><testcase classname="backend.tests.test_phase1.TestRegression" name="test_bookings_mine_ok" time="0.634" /><testcase classname="backend.tests.test_phase1.TestRegression" name="test_bookings_landlord_ok" time="0.045" /><testcase classname="backend.tests.backend_test.TestHealth" name="test_root" time="0.163" /><testcase classname="backend.tests.backend_test.TestAuth" name="test_login_tenant" time="0.273" /><testcase classname="backend.tests.backend_test.TestAuth" name="test_login_landlord" time="0.273" /><testcase classname="backend.tests.backend_test.TestAuth" name="test_login_invalid" time="0.273" /><testcase classname="backend.tests.backend_test.TestAuth" name="test_me_requires_token" time="0.048" /><testcase classname="backend.tests.backend_test.TestAuth" name="test_me_invalid_token" time="0.049" /><testcase classname="backend.tests.backend_test.TestAuth" name="test_me_tenant" time="0.050" /><testcase classname="backend.tests.backend_test.TestAuth" name="test_register_and_duplicate" time="0.374" /><testcase classname="backend.tests.backend_test.TestAuth" name="test_role_toggle" time="0.426" /><testcase classname="backend.tests.backend_test.TestProperties" name="test_list_seed_has_8" time="1.189" /><testcase classname="backend.tests.backend_test.TestProperties" name="test_filter_by_type" time="1.082" /><testcase classname="backend.tests.backend_test.TestProperties" name="test_filter_price_range" time="0.052" /><testcase classname="backend.tests.backend_test.TestProperties" name="test_filter_search_q" time="0.059" /><testcase classname="backend.tests.backend_test.TestProperties" name="test_filter_bedrooms" time="1.135" /><testcase classname="backend.tests.backend_test.TestProperties" name="test_get_single" time="2.222" /><testcase classname="backend.tests.backend_test.TestProperties" name="test_get_single_404" time="0.049" /><testcase classname="backend.tests.backend_test.TestProperties" name="test_tenant_cannot_create" time="0.049" /><testcase classname="backend.tests.backend_test.TestProperties" name="test_create_requires_auth" time="0.049" /><testcase classname="backend.tests.backend_test.TestProperties" name="test_landlord_create_get_mine_delete" time="1.437" /><testcase classname="backend.tests.backend_test.TestBookings" name="test_create_booking" time="1.204" /><testcase classname="backend.tests.backend_test.TestBookings" name="test_bookings_mine" time="0.504" /><testcase classname="backend.tests.backend_test.TestBookings" name="test_bookings_landlord" time="0.052" /><testcase classname="backend.tests.backend_test.TestBookings" name="test_patch_accept_as_landlord" time="0.050" /><testcase classname="backend.tests.backend_test.TestBookings" name="test_patch_forbidden_other_user" time="0.324" /><testcase classname="backend.tests.backend_test.TestBookings" name="test_patch_cancel_as_tenant" time="0.050" /><testcase classname="backend.tests.backend_test.TestBookings" name="test_bookings_require_auth" time="0.046" /></testsuite></testsuites>